Using pre-set license
Built from '6000.0/staging' branch; Version is '6000.0.23f1 (1c4764c07fb4) revision 1853284'; Using compiler version '193933523'; Build Type 'Release'
OS: 'Windows 11  (10.0.22631) 64bit Professional' Language: 'en' Physical Memory: 16332 MB
BatchMode: 1, IsHumanControllingUs: 0, StartBugReporterOnCrash: 0, Is64bit: 1, IsPro: 1

COMMAND LINE ARGUMENTS:
C:\Program Files\Unity\Hub\Editor\6000.0.23f1\Editor\Unity.exe
-adb2
-batchMode
-noUpm
-name
AssetImportWorker1
-projectPath
C:/Users/ETX/Documents/GitHub/GameJam
-logFile
Logs/AssetImportWorker1.log
-srvPort
62294
-job-worker-count
2
-background-job-worker-count
8
-asset-garbage-collectors
1
Successfully changed project path to: C:/Users/ETX/Documents/GitHub/GameJam
C:/Users/ETX/Documents/GitHub/GameJam
[UnityMemory] Configuration Parameters - Can be set up in boot.config
    "memorysetup-bucket-allocator-granularity=16"
    "memorysetup-bucket-allocator-bucket-count=8"
    "memorysetup-bucket-allocator-block-size=33554432"
    "memorysetup-bucket-allocator-block-count=8"
    "memorysetup-main-allocator-block-size=16777216"
    "memorysetup-thread-allocator-block-size=16777216"
    "memorysetup-gfx-main-allocator-block-size=16777216"
    "memorysetup-gfx-thread-allocator-block-size=16777216"
    "memorysetup-cache-allocator-block-size=4194304"
    "memorysetup-typetree-allocator-block-size=2097152"
    "memorysetup-profiler-bucket-allocator-granularity=16"
    "memorysetup-profiler-bucket-allocator-bucket-count=8"
    "memorysetup-profiler-bucket-allocator-block-size=33554432"
    "memorysetup-profiler-bucket-allocator-block-count=8"
    "memorysetup-profiler-allocator-block-size=16777216"
    "memorysetup-profiler-editor-allocator-block-size=1048576"
    "memorysetup-temp-allocator-size-main=16777216"
    "memorysetup-job-temp-allocator-block-size=2097152"
    "memorysetup-job-temp-allocator-block-size-background=1048576"
    "memorysetup-job-temp-allocator-reduction-small-platforms=262144"
    "memorysetup-allocator-temp-initial-block-size-main=262144"
    "memorysetup-allocator-temp-initial-block-size-worker=262144"
    "memorysetup-temp-allocator-size-background-worker=32768"
    "memorysetup-temp-allocator-size-job-worker=262144"
    "memorysetup-temp-allocator-size-preload-manager=33554432"
    "memorysetup-temp-allocator-size-nav-mesh-worker=65536"
    "memorysetup-temp-allocator-size-audio-worker=65536"
    "memorysetup-temp-allocator-size-cloud-worker=32768"
    "memorysetup-temp-allocator-size-gi-baking-worker=262144"
    "memorysetup-temp-allocator-size-gi-baking-worker=262144"
    "memorysetup-temp-allocator-size-gi-baking-worker=262144"
    "memorysetup-temp-allocator-size-gi-baking-worker=262144"
    "memorysetup-temp-allocator-size-gi-baking-worker=262144"
    "memorysetup-temp-allocator-size-gfx=262144"
Player connection [24516]  Target information:

Player connection [24516]  * "[IP] 192.168.1.101 [Port] 0 [Flags] 2 [Guid] 3510465561 [EditorId] 3510465561 [Version] 1048832 [Id] WindowsEditor(7,DESKTOP-VMU94MI) [Debug] 1 [PackageName] WindowsEditor [ProjectName] Editor" 

Player connection [24516] Host joined multi-casting on [225.0.0.222:54997]...
Player connection [24516] Host joined alternative multi-casting on [225.0.0.222:34997]...
JobSystem: Creating JobQueue using job-worker-count value 2
[Physics::Module] Initialized fallback backend.
[Physics::Module] Id: 0xdecafbad
Library Redirect Path: Library/
[Physics::Module] Selected backend.
[Physics::Module] Name: PhysX
[Physics::Module] Id: 0xf2b8ea05
[Physics::Module] SDK Version: 4.1.2
[Physics::Module] Integration Version: 1.0.0
[Physics::Module] Threading Mode: Multi-Threaded
Refreshing native plugins compatible for Editor in 3.66 ms, found 5 plugins.
Preloading 1 native plugins for Editor in 1.96 ms.
Initialize engine version: 6000.0.23f1 (1c4764c07fb4)
[Subsystems] Discovering subsystems at path C:/Program Files/Unity/Hub/Editor/6000.0.23f1/Editor/Data/Resources/UnitySubsystems
[Subsystems] Discovering subsystems at path C:/Users/ETX/Documents/GitHub/GameJam/Assets
GfxDevice: creating device client; kGfxThreadingModeNonThreaded
Direct3D:
    Version:  Direct3D 11.0 [level 11.1]
    Renderer: Radeon RX 580 Series (ID=0x67df)
    Vendor:   ATI
    VRAM:     8170 MB
    Driver:   31.0.21910.5
Shader Hidden/ProbeVolume/VoxelizeScene is not supported: GPU does not support conservative rasterization
Initialize mono
Mono path[0] = 'C:/Program Files/Unity/Hub/Editor/6000.0.23f1/Editor/Data/Managed'
Mono path[1] = 'C:/Program Files/Unity/Hub/Editor/6000.0.23f1/Editor/Data/MonoBleedingEdge/lib/mono/unityjit-win32'
Mono config path = 'C:/Program Files/Unity/Hub/Editor/6000.0.23f1/Editor/Data/MonoBleedingEdge/etc'
Using monoOptions --debugger-agent=transport=dt_socket,embedding=1,server=y,suspend=n,address=127.0.0.1:56620
Begin MonoManager ReloadAssembly
Registering precompiled unity dll's ...
Register platform support module: C:/Program Files/Unity/Hub/Editor/6000.0.23f1/Editor/Data/PlaybackEngines/WindowsStandaloneSupport/UnityEditor.WindowsStandalone.Extensions.dll
Register platform support module: C:/Program Files/Unity/Hub/Editor/6000.0.23f1/Editor/Data/PlaybackEngines/MetroSupport/UnityEditor.UWP.Extensions.dll
Registered in 0.003971 seconds.
- Loaded All Assemblies, in  0.457 seconds
Native extension for UWP target not found
Native extension for WindowsStandalone target not found
Mono: successfully reloaded assembly
- Finished resetting the current domain, in  0.406 seconds
Domain Reload Profiling: 861ms
	BeginReloadAssembly (152ms)
		ExecutionOrderSort (0ms)
		DisableScriptedObjects (0ms)
		BackupInstance (0ms)
		ReleaseScriptingObjects (0ms)
		CreateAndSetChildDomain (1ms)
	RebuildCommonClasses (45ms)
	RebuildNativeTypeToScriptingClass (15ms)
	initialDomainReloadingComplete (57ms)
	LoadAllAssembliesAndSetupDomain (185ms)
		LoadAssemblies (150ms)
		RebuildTransferFunctionScriptingTraits (0ms)
		AnalyzeDomain (182ms)
			TypeCache.Refresh (180ms)
				TypeCache.ScanAssembly (165ms)
			BuildScriptInfoCaches (0ms)
			ResolveRequiredComponents (1ms)
	FinalizeReload (407ms)
		ReleaseScriptCaches (0ms)
		RebuildScriptCaches (0ms)
		SetupLoadedEditorAssemblies (345ms)
			LogAssemblyErrors (0ms)
			InitializePlatformSupportModulesInManaged (32ms)
			SetLoadedEditorAssemblies (5ms)
			BeforeProcessingInitializeOnLoad (7ms)
			ProcessInitializeOnLoadAttributes (220ms)
			ProcessInitializeOnLoadMethodAttributes (78ms)
			AfterProcessingInitializeOnLoad (3ms)
			EditorAssembliesLoaded (0ms)
		ExecutionOrderSort2 (0ms)
		AwakeInstancesAfterBackupRestoration (0ms)
Assembly reference Packages/com.unity.cinemachine/Editor/Samples/ExposeHDRPInternals/HDRP-Editor-ref.asmref has no target assembly definition
========================================================================
Worker process is ready to serve import requests
Import Worker Mode flag is 0x00
Assembly reference Packages/com.unity.cinemachine/Editor/Samples/ExposeHDRPInternals/HDRP-Editor-ref.asmref has no target assembly definition
Assembly reference Packages/com.unity.cinemachine/Editor/Samples/ExposeHDRPInternals/HDRP-Editor-ref.asmref has no target assembly definition
Begin MonoManager ReloadAssembly
Symbol file LoadedFromMemory is not a mono symbol file
- Loaded All Assemblies, in  1.520 seconds
Assembly reference Packages/com.unity.cinemachine/Editor/Samples/ExposeHDRPInternals/HDRP-Editor-ref.asmref has no target assembly definition
'Packages/com.unity.cinemachine/Editor/Obsolete/CinemachineVirtualCameraBaseEditor.cs' contains partial class of Unity.Object, exactly 1 of the partial classes needs to be in a file with the same filename. This is to know the one that can be referenced from ie. GameObjects
'Packages/com.unity.cinemachine/Editor/Editors/CinemachineVirtualCameraBaseEditor.cs' contains partial class of Unity.Object, exactly 1 of the partial classes needs to be in a file with the same filename. This is to know the one that can be referenced from ie. GameObjects
Refreshing native plugins compatible for Editor in 2.52 ms, found 5 plugins.
Native extension for UWP target not found
Native extension for WindowsStandalone target not found
Assembly reference Packages/com.unity.cinemachine/Editor/Samples/ExposeHDRPInternals/HDRP-Editor-ref.asmref has no target assembly definition
Package Manager log level set to [2]
[Package Manager] Failed to launch server process. Reason: Unity was launched with the -noUpm command-line argument
[Package Manager] Unable to send message (not connected to server process).
[Package Manager] Cannot connect to Unity Package Manager local server
Mono: successfully reloaded assembly
- Finished resetting the current domain, in  1.647 seconds
Domain Reload Profiling: 3162ms
	BeginReloadAssembly (464ms)
		ExecutionOrderSort (0ms)
		DisableScriptedObjects (7ms)
		BackupInstance (0ms)
		ReleaseScriptingObjects (0ms)
		CreateAndSetChildDomain (37ms)
	RebuildCommonClasses (44ms)
	RebuildNativeTypeToScriptingClass (16ms)
	initialDomainReloadingComplete (45ms)
	LoadAllAssembliesAndSetupDomain (946ms)
		LoadAssemblies (496ms)
		RebuildTransferFunctionScriptingTraits (0ms)
		AnalyzeDomain (568ms)
			TypeCache.Refresh (388ms)
				TypeCache.ScanAssembly (357ms)
			BuildScriptInfoCaches (160ms)
			ResolveRequiredComponents (17ms)
	FinalizeReload (1647ms)
		ReleaseScriptCaches (0ms)
		RebuildScriptCaches (0ms)
		SetupLoadedEditorAssemblies (1327ms)
			LogAssemblyErrors (0ms)
			InitializePlatformSupportModulesInManaged (3ms)
			SetLoadedEditorAssemblies (6ms)
			BeforeProcessingInitializeOnLoad (103ms)
			ProcessInitializeOnLoadAttributes (815ms)
			ProcessInitializeOnLoadMethodAttributes (390ms)
			AfterProcessingInitializeOnLoad (9ms)
			EditorAssembliesLoaded (0ms)
		ExecutionOrderSort2 (0ms)
		AwakeInstancesAfterBackupRestoration (8ms)
Shader Hidden/ProbeVolume/VoxelizeScene is not supported: GPU does not support conservative rasterization
Launched and connected shader compiler UnityShaderCompiler.exe after 0.02 seconds
Refreshing native plugins compatible for Editor in 3.45 ms, found 5 plugins.
Preloading 1 native plugins for Editor in 0.07 ms.
Unloading 230 Unused Serialized files (Serialized files now loaded: 0)
Unloading 8568 unused Assets / (6.0 MB). Loaded Objects now: 9359.
Memory consumption went from 221.6 MB to 215.6 MB.
Total: 13.465300 ms (FindLiveObjects: 1.008100 ms CreateObjectMapping: 1.697900 ms MarkObjects: 7.238700 ms  DeleteObjects: 3.519600 ms)

========================================================================
Received Import Request.
  Time since last request: 528337.147673 seconds.
  path: Assets/Arts/Environment/Office/ac2.png
  artifactKey: Guid(26704e43accbd2946b51361303936f85) Importer(815301076,1909f56bfc062723c751e8b465ee728b)
Start importing Assets/Arts/Environment/Office/ac2.png using Guid(26704e43accbd2946b51361303936f85) Importer(815301076,1909f56bfc062723c751e8b465ee728b) (PreviewImporter) -> (artifact id: '670b1a409af8329606762e95b529afc6') in 0.0955448 seconds
Number of updated asset objects reloaded before import = 0Number of asset objects unloaded after import = 3

========================================================================
Received Import Request.
  Time since last request: 0.000022 seconds.
  path: Assets/Arts/Environment/Office/ac1.png
  artifactKey: Guid(257e011a24ac81443baefefe91fecc24) Importer(815301076,1909f56bfc062723c751e8b465ee728b)
Start importing Assets/Arts/Environment/Office/ac1.png using Guid(257e011a24ac81443baefefe91fecc24) Importer(815301076,1909f56bfc062723c751e8b465ee728b) (PreviewImporter) -> (artifact id: 'a4f2cbe71357024938dd9574a9555364') in 0.0154136 seconds
Number of updated asset objects reloaded before import = 0Number of asset objects unloaded after import = 3

========================================================================
Received Import Request.
  Time since last request: 0.000015 seconds.
  path: Assets/Arts/Environment/Office/paper_tr_2.png
  artifactKey: Guid(c0d29e7e7a9cf79408250068c1a54a1a) Importer(815301076,1909f56bfc062723c751e8b465ee728b)
Start importing Assets/Arts/Environment/Office/paper_tr_2.png using Guid(c0d29e7e7a9cf79408250068c1a54a1a) Importer(815301076,1909f56bfc062723c751e8b465ee728b) (PreviewImporter) -> (artifact id: '8fd226fc33e5d5c6af1e3b4231d36ed4') in 0.0169063 seconds
Number of updated asset objects reloaded before import = 0Number of asset objects unloaded after import = 3

========================================================================
Received Import Request.
  Time since last request: 0.000017 seconds.
  path: Assets/Arts/Environment/Office/office_paper.png
  artifactKey: Guid(aa0f0d2b1bc91e548aed3011ac87ea05) Importer(815301076,1909f56bfc062723c751e8b465ee728b)
Start importing Assets/Arts/Environment/Office/office_paper.png using Guid(aa0f0d2b1bc91e548aed3011ac87ea05) Importer(815301076,1909f56bfc062723c751e8b465ee728b) (PreviewImporter) -> (artifact id: 'e6cebcc865fe5e5019deb47ce436a10d') in 0.0200361 seconds
Number of updated asset objects reloaded before import = 0Number of asset objects unloaded after import = 4

========================================================================
Received Import Request.
  Time since last request: 0.000027 seconds.
  path: Assets/Arts/Environment/Office/office_bg.png
  artifactKey: Guid(ef92291c4e863be4e9e99fbf0e4108b5) Importer(815301076,1909f56bfc062723c751e8b465ee728b)
Start importing Assets/Arts/Environment/Office/office_bg.png using Guid(ef92291c4e863be4e9e99fbf0e4108b5) Importer(815301076,1909f56bfc062723c751e8b465ee728b) (PreviewImporter) -> (artifact id: 'da4384d0d77a0e3426062be325809880') in 0.017426 seconds
Number of updated asset objects reloaded before import = 0Number of asset objects unloaded after import = 3

========================================================================
Received Import Request.
  Time since last request: 0.000017 seconds.
  path: Assets/Arts/Environment/Office/office_bg_front.png
  artifactKey: Guid(632b600faca8a1d48885e2f29c712866) Importer(815301076,1909f56bfc062723c751e8b465ee728b)
Start importing Assets/Arts/Environment/Office/office_bg_front.png using Guid(632b600faca8a1d48885e2f29c712866) Importer(815301076,1909f56bfc062723c751e8b465ee728b) (PreviewImporter) -> (artifact id: '018e1675dcad3609b64e7479e7681e35') in 0.0168862 seconds
Number of updated asset objects reloaded before import = 0Number of asset objects unloaded after import = 3

========================================================================
Received Import Request.
  Time since last request: 0.000015 seconds.
  path: Assets/Arts/Environment/Office/office_table.png
  artifactKey: Guid(558b9c3e46b3be140baa9518b9b71cfb) Importer(815301076,1909f56bfc062723c751e8b465ee728b)
Start importing Assets/Arts/Environment/Office/office_table.png using Guid(558b9c3e46b3be140baa9518b9b71cfb) Importer(815301076,1909f56bfc062723c751e8b465ee728b) (PreviewImporter) -> (artifact id: '51c757b559a5ab847dd83a56301d9c20') in 0.0166805 seconds
Number of updated asset objects reloaded before import = 0Number of asset objects unloaded after import = 3

========================================================================
Received Import Request.
  Time since last request: 0.000015 seconds.
  path: Assets/Arts/Environment/Office/paper_bg.png
  artifactKey: Guid(2ee6e26dd83258140970965265de0003) Importer(815301076,1909f56bfc062723c751e8b465ee728b)
Start importing Assets/Arts/Environment/Office/paper_bg.png using Guid(2ee6e26dd83258140970965265de0003) Importer(815301076,1909f56bfc062723c751e8b465ee728b) (PreviewImporter) -> (artifact id: '19921f4f3b68a40932f3ae2fba3cfa82') in 0.0639007 seconds
Number of updated asset objects reloaded before import = 0Number of asset objects unloaded after import = 9

========================================================================
Received Import Request.
  Time since last request: 0.000016 seconds.
  path: Assets/Arts/Environment/Office/coffee_table.png
  artifactKey: Guid(2201fb662bf8953498d3f3feed026a83) Importer(815301076,1909f56bfc062723c751e8b465ee728b)
Start importing Assets/Arts/Environment/Office/coffee_table.png using Guid(2201fb662bf8953498d3f3feed026a83) Importer(815301076,1909f56bfc062723c751e8b465ee728b) (PreviewImporter) -> (artifact id: '8024ac8b68e1b2b96308a21aae952ab7') in 0.0172315 seconds
Number of updated asset objects reloaded before import = 0Number of asset objects unloaded after import = 3

========================================================================
Received Import Request.
  Time since last request: 0.000023 seconds.
  path: Assets/Arts/Environment/Office/map.png
  artifactKey: Guid(911ab276dc833df46b608e56056b5322) Importer(815301076,1909f56bfc062723c751e8b465ee728b)
Start importing Assets/Arts/Environment/Office/map.png using Guid(911ab276dc833df46b608e56056b5322) Importer(815301076,1909f56bfc062723c751e8b465ee728b) (PreviewImporter) -> (artifact id: 'b086e759969a8b1837793f9bf8cf8886') in 0.0262071 seconds
Number of updated asset objects reloaded before import = 0Number of asset objects unloaded after import = 3

========================================================================
Received Import Request.
  Time since last request: 0.000015 seconds.
  path: Assets/Arts/Environment/Office/office_bin.png
  artifactKey: Guid(4f1419c618b5875478ab61e135243416) Importer(815301076,1909f56bfc062723c751e8b465ee728b)
Start importing Assets/Arts/Environment/Office/office_bin.png using Guid(4f1419c618b5875478ab61e135243416) Importer(815301076,1909f56bfc062723c751e8b465ee728b) (PreviewImporter) -> (artifact id: '2cc9b029dac8f8c6dad3454f627b1c9c') in 0.0167745 seconds
Number of updated asset objects reloaded before import = 0Number of asset objects unloaded after import = 3

========================================================================
Received Import Request.
  Time since last request: 0.000014 seconds.
  path: Assets/Arts/Environment/Office/paper_ba.png
  artifactKey: Guid(0ac06a29adfea0f4a8fe9a7632f5f6e6) Importer(815301076,1909f56bfc062723c751e8b465ee728b)
Start importing Assets/Arts/Environment/Office/paper_ba.png using Guid(0ac06a29adfea0f4a8fe9a7632f5f6e6) Importer(815301076,1909f56bfc062723c751e8b465ee728b) (PreviewImporter) -> (artifact id: 'a5d6f1977af7cc90fbebe28b11aade78') in 0.0151275 seconds
Number of updated asset objects reloaded before import = 0Number of asset objects unloaded after import = 3

========================================================================
Received Import Request.
  Time since last request: 0.000018 seconds.
  path: Assets/Arts/Environment/Office/music_p.png
  artifactKey: Guid(cb5938b02b1a012418e8ed32ae5bd1bb) Importer(815301076,1909f56bfc062723c751e8b465ee728b)
Start importing Assets/Arts/Environment/Office/music_p.png using Guid(cb5938b02b1a012418e8ed32ae5bd1bb) Importer(815301076,1909f56bfc062723c751e8b465ee728b) (PreviewImporter) -> (artifact id: '52080914c8e64c5f779da0992177993a') in 0.0177372 seconds
Number of updated asset objects reloaded before import = 0Number of asset objects unloaded after import = 3

========================================================================
Received Import Request.
  Time since last request: 0.000016 seconds.
  path: Assets/Arts/Environment/Office/door.png
  artifactKey: Guid(b8579527614c36046b6853d23923252f) Importer(815301076,1909f56bfc062723c751e8b465ee728b)
Start importing Assets/Arts/Environment/Office/door.png using Guid(b8579527614c36046b6853d23923252f) Importer(815301076,1909f56bfc062723c751e8b465ee728b) (PreviewImporter) -> (artifact id: '62ecb960ff411754b539b370c067778e') in 0.0181136 seconds
Number of updated asset objects reloaded before import = 0Number of asset objects unloaded after import = 3

========================================================================
Received Import Request.
  Time since last request: 0.000017 seconds.
  path: Assets/Arts/Environment/Office/lamp_hz.png
  artifactKey: Guid(ea128f70323cf2f4f86995d48536007a) Importer(815301076,1909f56bfc062723c751e8b465ee728b)
Start importing Assets/Arts/Environment/Office/lamp_hz.png using Guid(ea128f70323cf2f4f86995d48536007a) Importer(815301076,1909f56bfc062723c751e8b465ee728b) (PreviewImporter) -> (artifact id: '7fa11c173c1acee556cf01daa190a53b') in 0.0151763 seconds
Number of updated asset objects reloaded before import = 0Number of asset objects unloaded after import = 3

========================================================================
Received Import Request.
  Time since last request: 0.000023 seconds.
  path: Assets/Arts/Environment/Office/hanger_dummy.png
  artifactKey: Guid(0afa86cac53481e43a1e71011bef5790) Importer(815301076,1909f56bfc062723c751e8b465ee728b)
Start importing Assets/Arts/Environment/Office/hanger_dummy.png using Guid(0afa86cac53481e43a1e71011bef5790) Importer(815301076,1909f56bfc062723c751e8b465ee728b) (PreviewImporter) -> (artifact id: 'b763f0b9f5b4e16cd8a73b863c6fea70') in 0.0165248 seconds
Number of updated asset objects reloaded before import = 0Number of asset objects unloaded after import = 3

========================================================================
Received Import Request.
  Time since last request: 0.000016 seconds.
  path: Assets/Arts/Environment/Office/couch.png
  artifactKey: Guid(92dd1362ca4d16c4c93b03fc3d4ff840) Importer(815301076,1909f56bfc062723c751e8b465ee728b)
Start importing Assets/Arts/Environment/Office/couch.png using Guid(92dd1362ca4d16c4c93b03fc3d4ff840) Importer(815301076,1909f56bfc062723c751e8b465ee728b) (PreviewImporter) -> (artifact id: '6d2359340aa50fba19fc8815370193ac') in 0.015052 seconds
Number of updated asset objects reloaded before import = 0Number of asset objects unloaded after import = 3

========================================================================
Received Import Request.
  Time since last request: 0.000015 seconds.
  path: Assets/Arts/Environment/Office/hanger.png
  artifactKey: Guid(4f6e659c89c2999439a1c12dc6e494fe) Importer(815301076,1909f56bfc062723c751e8b465ee728b)
Start importing Assets/Arts/Environment/Office/hanger.png using Guid(4f6e659c89c2999439a1c12dc6e494fe) Importer(815301076,1909f56bfc062723c751e8b465ee728b) (PreviewImporter) -> (artifact id: 'e27b5b43003b8718c6b5cccbf246483c') in 0.0219069 seconds
Number of updated asset objects reloaded before import = 0Number of asset objects unloaded after import = 5

========================================================================
Received Import Request.
  Time since last request: 0.000017 seconds.
  path: Assets/Arts/Environment/Office/file_cab.png
  artifactKey: Guid(744b83e681f54c948bccfebe9633cc8b) Importer(815301076,1909f56bfc062723c751e8b465ee728b)
Start importing Assets/Arts/Environment/Office/file_cab.png using Guid(744b83e681f54c948bccfebe9633cc8b) Importer(815301076,1909f56bfc062723c751e8b465ee728b) (PreviewImporter) -> (artifact id: '2d5fb9705c881e3a4ea3bb46f15993b7') in 0.0160012 seconds
Number of updated asset objects reloaded before import = 0Number of asset objects unloaded after import = 3

========================================================================
Received Import Request.
  Time since last request: 0.000016 seconds.
  path: Assets/Arts/Environment/Office/office_chair.png
  artifactKey: Guid(be4d1a2634ffa884e9dbc1062b901e1d) Importer(815301076,1909f56bfc062723c751e8b465ee728b)
Start importing Assets/Arts/Environment/Office/office_chair.png using Guid(be4d1a2634ffa884e9dbc1062b901e1d) Importer(815301076,1909f56bfc062723c751e8b465ee728b) (PreviewImporter) -> (artifact id: 'b83d25f995c8ed1646481947dc6311f6') in 0.0165262 seconds
Number of updated asset objects reloaded before import = 0Number of asset objects unloaded after import = 3

========================================================================
Received Import Request.
  Time since last request: 0.000019 seconds.
  path: Assets/Arts/Environment/Office/paper_board.png
  artifactKey: Guid(1ac3b7e9bfd65974fb920fcc4c89c1f8) Importer(815301076,1909f56bfc062723c751e8b465ee728b)
Start importing Assets/Arts/Environment/Office/paper_board.png using Guid(1ac3b7e9bfd65974fb920fcc4c89c1f8) Importer(815301076,1909f56bfc062723c751e8b465ee728b) (PreviewImporter) -> (artifact id: '4da04bd3798e0a268cfb4ad21c867bcc') in 0.0168511 seconds
Number of updated asset objects reloaded before import = 0Number of asset objects unloaded after import = 3

========================================================================
Received Import Request.
  Time since last request: 0.000025 seconds.
  path: Assets/Arts/Environment/Office/lamp_vc.png
  artifactKey: Guid(e7b7d161d2993c344b89fd42d3cf7472) Importer(815301076,1909f56bfc062723c751e8b465ee728b)
Start importing Assets/Arts/Environment/Office/lamp_vc.png using Guid(e7b7d161d2993c344b89fd42d3cf7472) Importer(815301076,1909f56bfc062723c751e8b465ee728b) (PreviewImporter) -> (artifact id: '2b3d462748200b4a7b9e5ef7a0041503') in 0.0194809 seconds
Number of updated asset objects reloaded before import = 0Number of asset objects unloaded after import = 3

========================================================================
Received Import Request.
  Time since last request: 0.000021 seconds.
  path: Assets/Arts/Environment/Office/office_mug.png
  artifactKey: Guid(33d9834bbb4e3394b9baa3fcc91b88fb) Importer(815301076,1909f56bfc062723c751e8b465ee728b)
Start importing Assets/Arts/Environment/Office/office_mug.png using Guid(33d9834bbb4e3394b9baa3fcc91b88fb) Importer(815301076,1909f56bfc062723c751e8b465ee728b) (PreviewImporter) -> (artifact id: '1f4605bf95331c1085a8ac078829f1d5') in 0.0756183 seconds
Number of updated asset objects reloaded before import = 0Number of asset objects unloaded after import = 3

========================================================================
Received Import Request.
  Time since last request: 0.000018 seconds.
  path: Assets/Arts/Environment/Office
  artifactKey: Guid(ef6d30053d84fb146b18c13498c389d0) Importer(815301076,1909f56bfc062723c751e8b465ee728b)
Start importing Assets/Arts/Environment/Office using Guid(ef6d30053d84fb146b18c13498c389d0) Importer(815301076,1909f56bfc062723c751e8b465ee728b) (PreviewImporter) -> (artifact id: '20942ca10f5202608ceebd13ca794afd') in 0.0005468 seconds
Number of updated asset objects reloaded before import = 0Number of asset objects unloaded after import = 0

========================================================================
Received Import Request.
  Time since last request: 0.000028 seconds.
  path: Assets/Arts/Environment/Office/paper_inv_c.png
  artifactKey: Guid(74a711053f11c6c48b26558b2e4e61a3) Importer(815301076,1909f56bfc062723c751e8b465ee728b)
Start importing Assets/Arts/Environment/Office/paper_inv_c.png using Guid(74a711053f11c6c48b26558b2e4e61a3) Importer(815301076,1909f56bfc062723c751e8b465ee728b) (PreviewImporter) -> (artifact id: '43c23464311e77011249a45c9f20b71b') in 0.0475713 seconds
Number of updated asset objects reloaded before import = 0Number of asset objects unloaded after import = 13

========================================================================
Received Import Request.
  Time since last request: 0.000015 seconds.
  path: Assets/Arts/Environment/Office/door_wc.png
  artifactKey: Guid(704fa092382afd44cbfe89d8ff3208db) Importer(815301076,1909f56bfc062723c751e8b465ee728b)
Start importing Assets/Arts/Environment/Office/door_wc.png using Guid(704fa092382afd44cbfe89d8ff3208db) Importer(815301076,1909f56bfc062723c751e8b465ee728b) (PreviewImporter) -> (artifact id: 'c307e2b8b5cf7606e5dcdb0f46bdc4fd') in 0.0158991 seconds
Number of updated asset objects reloaded before import = 0Number of asset objects unloaded after import = 3

